<?xml version="1.0" encoding="UTF-8"?>
<!-- Generated by org.testng.reporters.JUnitXMLReporter -->
<testsuite hostname="DESKTOP-1OA425B" ignored="1" name="Default test(failed)" tests="1" failures="1" timestamp="29 Apr 2020 19:48:52 GMT" time="32.284" errors="0">
  <testcase name="createNewContactTest" time="0.0" classname="com.qa.hubspot.tests.ContactsPageTest">
    <failure type="org.testng.TestNGException" message="
Data Provider public java.lang.Object[][] com.qa.hubspot.tests.ContactsPageTest.getContactsTestData() returned a null value">
      <![CDATA[org.testng.TestNGException: 
Data Provider public java.lang.Object[][] com.qa.hubspot.tests.ContactsPageTest.getContactsTestData() returned a null value
... Removed 22 stack frames]]>
    </failure>
  </testcase> <!-- createNewContactTest -->
  <testcase name="verifyContactsPageTitle" time="0.0" classname="com.qa.hubspot.tests.ContactsPageTest">
    <ignored/>
  </testcase> <!-- verifyContactsPageTitle -->
</testsuite> <!-- Default test(failed) -->
